Removed Pin From Net: NetName=5V Pin=CAP 1-1
Removed Pin From Net: NetName=5V Pin=cc3-2
Removed Pin From Net: NetName=5V Pin=DC-DC-IN
Removed Pin From Net: NetName=5V Pin=DUE-5V
Removed Pin From Net: NetName=5V Pin=DUE-5V
Removed Pin From Net: NetName=5V Pin=DUE-5V
Removed Pin From Net: NetName=5V Pin=LM358-8
Removed Pin From Net: NetName=5V Pin=NGAN MACH-1
Removed Pin From Net: NetName=GND Pin=NGAN MACH-2
Removed Pin From Net: NetName=5V Pin=NGAT-1
Removed Pin From Net: NetName=5V Pin=R20-2
Added Component: Designator=1(RES-SMD-0805)
Add component (AddParameter): Name = "Class"; Value = "Passive"; VariantName = "[No Variations]"
Add component (AddParameter): Name = "Manufacturer"; Value = "Generic Components"; VariantName = "[No Variations]"
Add component (AddParameter): Name = "Published"; Value = "08/06/2000"; VariantName = "[No Variations]"
Add component (AddParameter): Name = "Publisher"; Value = "Altium Hobart Technology Centre"; VariantName = "[No Variations]"
Add component (AddParameter): Name = "SubClass"; Value = "R"; VariantName = "[No Variations]"
Added Component: Designator=LED WiFi1(LED-0805-Green)
Add component (AddParameter): Name = "Value"; Value = "LED 3 - 5 ly 2 Colour"; VariantName = "[No Variations]"
Added Pin To Net: NetName=GND Pin=LED WiFi1-2
Added Pin To Net: NetName=5V Pin=NGAN MACH-2
Change Net Name : Old Net Name=5V New Net Name=3V3
Added Pin To Net: NetName=5V Pin=CAP 1-1
Added Pin To Net: NetName=5V Pin=cc3-2
Added Pin To Net: NetName=5V Pin=DC-DC-IN
Added Pin To Net: NetName=5V Pin=DUE-5V
Added Pin To Net: NetName=5V Pin=DUE-5V
Added Pin To Net: NetName=5V Pin=DUE-5V
Added Pin To Net: NetName=5V Pin=LM358-8
Added Pin To Net: NetName=5V Pin=NGAT-1
Added Pin To Net: NetName=5V Pin=R20-2
Added Net: Name=5V
Added Pin To Net: NetName=IO2 Pin=1-2
Added Pin To Net: NetName=IO2 Pin=NGAN MACH-1
Added Net: Name=IO2
Added Pin To Net: NetName=Net1_1 Pin=1-1
Added Pin To Net: NetName=Net1_1 Pin=LED WiFi1-1
Added Net: Name=Net1_1
Added Member To Class: ClassName=20211026_mach do qua dong lm358 Member=Component 1 470
Added Member To Class: ClassName=20211026_mach do qua dong lm358 Member=Component LED WiFi1 LED
