Removed Pin From Net: NetName=Netheader1_1 Pin=OPAMP1-3
Removed Pin From Net: NetName=GND Pin=OPAMP1-4
Removed Pin From Net: NetName=SHUNT 1 Pin=OPAMP1-6
Removed Pin From Net: NetName=5V Pin=OPAMP1-7
Removed Pin From Net: NetName=Netheader2_1 Pin=OPAMP2-3
Removed Pin From Net: NetName=GND Pin=OPAMP2-4
Removed Pin From Net: NetName=SHUNT 2 Pin=OPAMP2-6
Removed Pin From Net: NetName=5V Pin=OPAMP2-7
Removed Pin From Net: NetName=Netheader3_1 Pin=OPAMP3-3
Removed Pin From Net: NetName=GND Pin=OPAMP3-4
Removed Pin From Net: NetName=SHUNT 3 Pin=OPAMP3-6
Removed Pin From Net: NetName=5V Pin=OPAMP3-7
Removed Pin From Net: NetName=Netheader4_1 Pin=OPAMP4-3
Removed Pin From Net: NetName=GND Pin=OPAMP4-4
Removed Pin From Net: NetName=SHUNT 4 Pin=OPAMP4-6
Removed Pin From Net: NetName=5V Pin=OPAMP4-7
Removed Pin From Net: NetName=Netheader5_1 Pin=OPAMP5-3
Removed Pin From Net: NetName=GND Pin=OPAMP5-4
Removed Pin From Net: NetName=SHUNT 5 Pin=OPAMP5-6
Removed Pin From Net: NetName=5V Pin=OPAMP5-7
Removed Pin From Net: NetName=SHUNT 1 Pin=R11-1
Removed Pin From Net: NetName=5V Pin=R12-1
Removed Pin From Net: NetName=2 Pin=R12-2
Removed Pin From Net: NetName=5V Pin=R13-1
Removed Pin From Net: NetName=1 Pin=R13-2
Removed Pin From Net: NetName=SHUNT 2 Pin=R15-1
Removed Pin From Net: NetName=5V Pin=R16-1
Removed Pin From Net: NetName=4 Pin=R16-2
Removed Pin From Net: NetName=5V Pin=R17-1
Removed Pin From Net: NetName=3 Pin=R17-2
Removed Pin From Net: NetName=SHUNT 3 Pin=R19-1
Removed Pin From Net: NetName=5V Pin=R21-1
Removed Pin From Net: NetName=5 Pin=R21-2
Removed Pin From Net: NetName=GND Pin=R22-2
Removed Pin From Net: NetName=SHUNT 4 Pin=R23-1
Removed Pin From Net: NetName=GND Pin=R24-2
Removed Pin From Net: NetName=SHUNT 5 Pin=R25-1
Removed Pin From Net: NetName=2 Pin=U1-1
Removed Pin From Net: NetName=U SO SANH Pin=U1-2
Removed Pin From Net: NetName=SHUNT 2 Pin=U1-3
Removed Pin From Net: NetName=GND Pin=U1-4
Removed Pin From Net: NetName=SHUNT 1 Pin=U1-5
Removed Pin From Net: NetName=U SO SANH Pin=U1-6
Removed Pin From Net: NetName=1 Pin=U1-7
Removed Pin From Net: NetName=5V Pin=U1-8
Removed Pin From Net: NetName=4 Pin=U2-1
Removed Pin From Net: NetName=U SO SANH Pin=U2-2
Removed Pin From Net: NetName=SHUNT 4 Pin=U2-3
Removed Pin From Net: NetName=GND Pin=U2-4
Removed Pin From Net: NetName=SHUNT 3 Pin=U2-5
Removed Pin From Net: NetName=U SO SANH Pin=U2-6
Removed Pin From Net: NetName=3 Pin=U2-7
Removed Pin From Net: NetName=5V Pin=U2-8
Removed Pin From Net: NetName=GND Pin=U3-4
Removed Pin From Net: NetName=SHUNT 5 Pin=U3-5
Removed Pin From Net: NetName=U SO SANH Pin=U3-6
Removed Pin From Net: NetName=5 Pin=U3-7
Removed Pin From Net: NetName=5V Pin=U3-8
Removed Member From Class: ClassName=20211026_mach do qua dong Member=OPAMP1
Removed Member From Class: ClassName=20211026_mach do qua dong Member=OPAMP2
Removed Member From Class: ClassName=20211026_mach do qua dong Member=OPAMP3
Removed Member From Class: ClassName=20211026_mach do qua dong Member=OPAMP4
Removed Member From Class: ClassName=20211026_mach do qua dong Member=OPAMP5
Removed Member From Class: ClassName=20211026_mach do qua dong Member=R12
Removed Member From Class: ClassName=20211026_mach do qua dong Member=R13
Removed Member From Class: ClassName=20211026_mach do qua dong Member=R16
Removed Member From Class: ClassName=20211026_mach do qua dong Member=R17
Removed Member From Class: ClassName=20211026_mach do qua dong Member=R21
Removed Member From Class: ClassName=20211026_mach do qua dong Member=U1
Removed Member From Class: ClassName=20211026_mach do qua dong Member=U2
Removed Member From Class: ClassName=20211026_mach do qua dong Member=U3
Change Component Comment : Designator=R24 Old Comment=1k New Comment=9K
Change Component Comment : Designator=R11 Old Comment=9K New Comment=1k
Change Component Comment : Designator=R15 Old Comment=9K New Comment=1k
Change Component Comment : Designator=R23 Old Comment=9K New Comment=1k
Change Component Comment : Designator=R25 Old Comment=9K New Comment=1k
Added Component: Designator=kenh 1(SO8)
Added Component: Designator=kenh 2(SO8)
Added Component: Designator=kenh 3(SO8)
Added Component: Designator=kenh 4(SO8)
Added Component: Designator=kenh 5(SO8)
Added Component: Designator=R27(RES-SMD-0805)
Add component (AddParameter): Name = "Class"; Value = "Passive"; VariantName = "[No Variations]"
Add component (AddParameter): Name = "Manufacturer"; Value = "Generic Components"; VariantName = "[No Variations]"
Add component (AddParameter): Name = "Published"; Value = "08/06/2000"; VariantName = "[No Variations]"
Add component (AddParameter): Name = "Publisher"; Value = "Altium Hobart Technology Centre"; VariantName = "[No Variations]"
Add component (AddParameter): Name = "SubClass"; Value = "R"; VariantName = "[No Variations]"
Added Component: Designator=R28(RES-SMD-0805)
Add component (AddParameter): Name = "Class"; Value = "Passive"; VariantName = "[No Variations]"
Add component (AddParameter): Name = "Manufacturer"; Value = "Generic Components"; VariantName = "[No Variations]"
Add component (AddParameter): Name = "Published"; Value = "08/06/2000"; VariantName = "[No Variations]"
Add component (AddParameter): Name = "Publisher"; Value = "Altium Hobart Technology Centre"; VariantName = "[No Variations]"
Add component (AddParameter): Name = "SubClass"; Value = "R"; VariantName = "[No Variations]"
Added Component: Designator=R29(RES-SMD-0805)
Add component (AddParameter): Name = "Class"; Value = "Passive"; VariantName = "[No Variations]"
Add component (AddParameter): Name = "Manufacturer"; Value = "Generic Components"; VariantName = "[No Variations]"
Add component (AddParameter): Name = "Published"; Value = "08/06/2000"; VariantName = "[No Variations]"
Add component (AddParameter): Name = "Publisher"; Value = "Altium Hobart Technology Centre"; VariantName = "[No Variations]"
Add component (AddParameter): Name = "SubClass"; Value = "R"; VariantName = "[No Variations]"
Added Component: Designator=R30(RES-SMD-0805)
Add component (AddParameter): Name = "Class"; Value = "Passive"; VariantName = "[No Variations]"
Add component (AddParameter): Name = "Manufacturer"; Value = "Generic Components"; VariantName = "[No Variations]"
Add component (AddParameter): Name = "Published"; Value = "08/06/2000"; VariantName = "[No Variations]"
Add component (AddParameter): Name = "Publisher"; Value = "Altium Hobart Technology Centre"; VariantName = "[No Variations]"
Add component (AddParameter): Name = "SubClass"; Value = "R"; VariantName = "[No Variations]"
Added Component: Designator=R31(RES-SMD-0805)
Add component (AddParameter): Name = "Class"; Value = "Passive"; VariantName = "[No Variations]"
Add component (AddParameter): Name = "Manufacturer"; Value = "Generic Components"; VariantName = "[No Variations]"
Add component (AddParameter): Name = "Published"; Value = "08/06/2000"; VariantName = "[No Variations]"
Add component (AddParameter): Name = "Publisher"; Value = "Altium Hobart Technology Centre"; VariantName = "[No Variations]"
Add component (AddParameter): Name = "SubClass"; Value = "R"; VariantName = "[No Variations]"
Added Pin To Net: NetName=SHUNT 1 Pin=kenh 1-1
Added Pin To Net: NetName=Netheader1_1 Pin=kenh 1-3
Added Pin To Net: NetName=GND Pin=kenh 1-4
Added Pin To Net: NetName=SHUNT 1 Pin=kenh 1-5
Added Pin To Net: NetName=U SO SANH Pin=kenh 1-6
Added Pin To Net: NetName=1 Pin=kenh 1-7
Added Pin To Net: NetName=5V Pin=kenh 1-8
Added Pin To Net: NetName=SHUNT 2 Pin=kenh 2-1
Added Pin To Net: NetName=Netheader2_1 Pin=kenh 2-3
Added Pin To Net: NetName=GND Pin=kenh 2-4
Added Pin To Net: NetName=SHUNT 2 Pin=kenh 2-5
Added Pin To Net: NetName=U SO SANH Pin=kenh 2-6
Added Pin To Net: NetName=2 Pin=kenh 2-7
Added Pin To Net: NetName=5V Pin=kenh 2-8
Added Pin To Net: NetName=SHUNT 3 Pin=kenh 3-1
Added Pin To Net: NetName=Netheader3_1 Pin=kenh 3-3
Added Pin To Net: NetName=GND Pin=kenh 3-4
Added Pin To Net: NetName=SHUNT 3 Pin=kenh 3-5
Added Pin To Net: NetName=U SO SANH Pin=kenh 3-6
Added Pin To Net: NetName=3 Pin=kenh 3-7
Added Pin To Net: NetName=5V Pin=kenh 3-8
Added Pin To Net: NetName=SHUNT 4 Pin=kenh 4-1
Added Pin To Net: NetName=Netheader4_1 Pin=kenh 4-3
Added Pin To Net: NetName=GND Pin=kenh 4-4
Added Pin To Net: NetName=SHUNT 4 Pin=kenh 4-5
Added Pin To Net: NetName=U SO SANH Pin=kenh 4-6
Added Pin To Net: NetName=4 Pin=kenh 4-7
Added Pin To Net: NetName=5V Pin=kenh 4-8
Added Pin To Net: NetName=SHUNT 5 Pin=kenh 5-1
Added Pin To Net: NetName=Netheader5_1 Pin=kenh 5-3
Added Pin To Net: NetName=GND Pin=kenh 5-4
Added Pin To Net: NetName=SHUNT 5 Pin=kenh 5-5
Added Pin To Net: NetName=U SO SANH Pin=kenh 5-6
Added Pin To Net: NetName=5 Pin=kenh 5-7
Added Pin To Net: NetName=5V Pin=kenh 5-8
Added Pin To Net: NetName=1 Pin=R11-1
Added Pin To Net: NetName=5V Pin=R11-2
Added Pin To Net: NetName=2 Pin=R15-1
Added Pin To Net: NetName=5V Pin=R15-2
Added Pin To Net: NetName=SHUNT 2 Pin=R19-1
Added Pin To Net: NetName=3 Pin=R22-1
Added Pin To Net: NetName=5V Pin=R22-2
Added Pin To Net: NetName=GND Pin=R23-2
Added Pin To Net: NetName=SHUNT 3 Pin=R24-1
Added Pin To Net: NetName=4 Pin=R25-1
Added Pin To Net: NetName=5V Pin=R25-2
Added Pin To Net: NetName=SHUNT 1 Pin=R27-1
Added Pin To Net: NetName=SHUNT 4 Pin=R28-1
Added Pin To Net: NetName=5 Pin=R29-1
Added Pin To Net: NetName=5V Pin=R29-2
Added Pin To Net: NetName=GND Pin=R30-2
Added Pin To Net: NetName=SHUNT 5 Pin=R31-1
Added Pin To Net: NetName=Netkenh 1_2 Pin=kenh 1-2
Added Pin To Net: NetName=Netkenh 1_2 Pin=R14-1
Added Pin To Net: NetName=Netkenh 1_2 Pin=R27-2
Added Net: Name=Netkenh 1_2
Added Pin To Net: NetName=Netkenh 2_2 Pin=kenh 2-2
Added Pin To Net: NetName=Netkenh 2_2 Pin=R18-1
Added Pin To Net: NetName=Netkenh 2_2 Pin=R19-2
Added Net: Name=Netkenh 2_2
Added Pin To Net: NetName=Netkenh 3_2 Pin=kenh 3-2
Added Pin To Net: NetName=Netkenh 3_2 Pin=R23-1
Added Pin To Net: NetName=Netkenh 3_2 Pin=R24-2
Added Net: Name=Netkenh 3_2
Added Pin To Net: NetName=Netkenh 4_2 Pin=kenh 4-2
Added Pin To Net: NetName=Netkenh 4_2 Pin=R26-1
Added Pin To Net: NetName=Netkenh 4_2 Pin=R28-2
Added Net: Name=Netkenh 4_2
Added Pin To Net: NetName=Netkenh 5_2 Pin=kenh 5-2
Added Pin To Net: NetName=Netkenh 5_2 Pin=R30-1
Added Pin To Net: NetName=Netkenh 5_2 Pin=R31-2
Added Net: Name=Netkenh 5_2
Change Class Name : Old Net Name=20211026_mach do qua dong New Net Name=20211026_mach do qua dong lm358
Added Member To Class: ClassName=20211026_mach do qua dong lm358 Member=Component kenh 1 LM358
Added Member To Class: ClassName=20211026_mach do qua dong lm358 Member=Component kenh 2 LM358
Added Member To Class: ClassName=20211026_mach do qua dong lm358 Member=Component kenh 3 LM358
Added Member To Class: ClassName=20211026_mach do qua dong lm358 Member=Component kenh 4 LM358
Added Member To Class: ClassName=20211026_mach do qua dong lm358 Member=Component kenh 5 LM358
Added Member To Class: ClassName=20211026_mach do qua dong lm358 Member=Component R27 9K
Added Member To Class: ClassName=20211026_mach do qua dong lm358 Member=Component R28 9K
Added Member To Class: ClassName=20211026_mach do qua dong lm358 Member=Component R29 1k
Added Member To Class: ClassName=20211026_mach do qua dong lm358 Member=Component R30 1k
Added Member To Class: ClassName=20211026_mach do qua dong lm358 Member=Component R31 9K
