Removed Pin From Net: NetName=5V Pin=C1-1
Removed Pin From Net: NetName=GND Pin=C1-2
Removed Pin From Net: NetName=2 Pin=C1-3
Removed Pin From Net: NetName=3 Pin=C1-4
Removed Pin From Net: NetName=4 Pin=C1-5
Removed Pin From Net: NetName=5 Pin=C1-6
Removed Pin From Net: NetName=6 Pin=C1-7
Removed Pin From Net: NetName=A5 Pin=LMV321-1
Removed Pin From Net: NetName=GND Pin=LMV321-2
Removed Pin From Net: NetName=CONG AP Pin=LMV321-3
Removed Pin From Net: NetName=CONG AP Pin=LMV321-4
Removed Pin From Net: NetName=5V Pin=LMV321-5
Removed Pin From Net: NetName=2 Pin=PROMINI-2
Removed Pin From Net: NetName=3 Pin=PROMINI-3
Removed Pin From Net: NetName=4 Pin=PROMINI-4
Removed Pin From Net: NetName=5 Pin=PROMINI-5
Removed Pin From Net: NetName=6 Pin=PROMINI-6
Removed Pin From Net: NetName=A0 Pin=PROMINI-A0
Removed Pin From Net: NetName=A1 Pin=PROMINI-A1
Removed Pin From Net: NetName=A2 Pin=PROMINI-A2
Removed Pin From Net: NetName=A3 Pin=PROMINI-A3
Removed Pin From Net: NetName=A4 Pin=PROMINI-A4
Removed Pin From Net: NetName=A5 Pin=PROMINI-A5
Removed Pin From Net: NetName=GND Pin=PROMINI-GND 1
Removed Pin From Net: NetName=GND Pin=PROMINI-GND
Removed Pin From Net: NetName=5V Pin=PROMINI-VIN
Removed Member From Class: ClassName=20211026_mach do qua dong Member=C1
Removed Member From Class: ClassName=20211026_mach do qua dong Member=LMV321
Removed Member From Class: ClassName=20211026_mach do qua dong Member=PROMINI
Added Component: Designator=DUE(Arduino MEGA2560)
Add component (AddParameter): Name = "Value"; Value = "Cau 1A"; VariantName = "[No Variations]"
Added Component: Designator=LED nguon(LED-0805-Blue)
Add component (AddParameter): Name = "Value"; Value = "LED 3 - 5 ly 2 Colour"; VariantName = "[No Variations]"
Added Component: Designator=NGAT(JP9-D1C)
Add component (AddParameter): Name = "ComponentLink1 Description"; Value = "Manufacturer"; VariantName = "[No Variations]"
Add component (AddParameter): Name = "ComponentLink1URL"; Value = "http://www.we-online.com"; VariantName = "[No Variations]"
Add component (AddParameter): Name = "ComponentLink2 Description"; Value = "Datasheet"; VariantName = "[No Variations]"
Add component (AddParameter): Name = "ComponentLink2URL"; Value = "http://katalog.we-online.de/em/datasheet/6130xx143121.pdf"; VariantName = "[No Variations]"
Add component (AddParameter): Name = "Created by"; Value = "Karrer Zheng"; VariantName = "[No Variations]"
Add component (AddParameter): Name = "Created Date"; Value = "29 March 2013"; VariantName = "[No Variations]"
Add component (AddParameter): Name = "Manufacturer"; Value = "W¨¹rth Elektronik eiSos GmbH"; VariantName = "[No Variations]"
Add component (AddParameter): Name = "NoPins"; Value = "09"; VariantName = "[No Variations]"
Add component (AddParameter): Name = "partNo"; Value = "613009143121"; VariantName = "[No Variations]"
Added Component: Designator=OPAMP?(DIP8)
Added Component: Designator=R20(RES-SMD-0805)
Add component (AddParameter): Name = "Class"; Value = "Passive"; VariantName = "[No Variations]"
Add component (AddParameter): Name = "Manufacturer"; Value = "Generic Components"; VariantName = "[No Variations]"
Add component (AddParameter): Name = "Published"; Value = "08/06/2000"; VariantName = "[No Variations]"
Add component (AddParameter): Name = "Publisher"; Value = "Altium Hobart Technology Centre"; VariantName = "[No Variations]"
Add component (AddParameter): Name = "SubClass"; Value = "R"; VariantName = "[No Variations]"
Added Component: Designator=SW_RST?(SW2-DIP)
Added Pin To Net: NetName=2 Pin=DUE-2
Added Pin To Net: NetName=4 Pin=DUE-4
Added Pin To Net: NetName=5V Pin=DUE-5V
Added Pin To Net: NetName=5V Pin=DUE-5V
Added Pin To Net: NetName=5V Pin=DUE-5V
Added Pin To Net: NetName=A0 Pin=DUE-A0
Added Pin To Net: NetName=A1 Pin=DUE-A1
Added Pin To Net: NetName=A2 Pin=DUE-A2
Added Pin To Net: NetName=A3 Pin=DUE-A3
Added Pin To Net: NetName=A4 Pin=DUE-A4
Added Pin To Net: NetName=A5 Pin=DUE-A5
Added Pin To Net: NetName=GND Pin=DUE-GND
Added Pin To Net: NetName=GND Pin=DUE-GND
Added Pin To Net: NetName=GND Pin=DUE-GND
Added Pin To Net: NetName=GND Pin=DUE-GND
Added Pin To Net: NetName=GND Pin=DUE-GND
Added Pin To Net: NetName=GND Pin=DUE-GND
Added Pin To Net: NetName=GND Pin=DUE-GND
Added Pin To Net: NetName=GND Pin=DUE-GND
Added Pin To Net: NetName=GND Pin=DUE-GND
Added Pin To Net: NetName=GND Pin=DUE-GND
Added Pin To Net: NetName=GND Pin=DUE-GND
Added Pin To Net: NetName=3 Pin=DUE-~3
Added Pin To Net: NetName=5 Pin=DUE-~5
Added Pin To Net: NetName=6 Pin=DUE-~6
Added Pin To Net: NetName=GND Pin=LED nguon-2
Added Pin To Net: NetName=5V Pin=NGAT-1
Added Pin To Net: NetName=GND Pin=NGAT-2
Added Pin To Net: NetName=2 Pin=NGAT-3
Added Pin To Net: NetName=3 Pin=NGAT-4
Added Pin To Net: NetName=4 Pin=NGAT-5
Added Pin To Net: NetName=5 Pin=NGAT-6
Added Pin To Net: NetName=6 Pin=NGAT-7
Added Pin To Net: NetName=CONG AP Pin=OPAMP?-2
Added Pin To Net: NetName=A5 Pin=OPAMP?-3
Added Pin To Net: NetName=GND Pin=OPAMP?-4
Added Pin To Net: NetName=CONG AP Pin=OPAMP?-6
Added Pin To Net: NetName=5V Pin=OPAMP?-7
Added Pin To Net: NetName=5V Pin=R20-2
Added Pin To Net: NetName=GND Pin=SW_RST?-1
Added Pin To Net: NetName=NetLED nguon_1 Pin=LED nguon-1
Added Pin To Net: NetName=NetLED nguon_1 Pin=R20-1
Added Net: Name=NetLED nguon_1
Added Pin To Net: NetName=RST Pin=DUE-RESET
Added Pin To Net: NetName=RST Pin=SW_RST?-2
Added Net: Name=RST
Added Pin To Net: NetName=RX Pin=DUE-0-RX
Added Pin To Net: NetName=RX Pin=NGAT-9
Added Net: Name=RX
Added Pin To Net: NetName=TX Pin=DUE-1-TX
Added Pin To Net: NetName=TX Pin=NGAT-8
Added Net: Name=TX
Added Member To Class: ClassName=20211026_mach do qua dong Member=Component DUE Arduino DUE
Added Member To Class: ClassName=20211026_mach do qua dong Member=Component LED nguon LED
Added Member To Class: ClassName=20211026_mach do qua dong Member=Component NGAT JP9
Added Member To Class: ClassName=20211026_mach do qua dong Member=Component OPAMP? LM741
Added Member To Class: ClassName=20211026_mach do qua dong Member=Component R20 470
Added Member To Class: ClassName=20211026_mach do qua dong Member=Component SW_RST? RST
