Change Component Footprint: Designator=C4 Old Footprint=CN-SMD-0805 New Footprint=JP7-D1T
Change Component Footprint: Designator=C3 Old Footprint=CP1/2 New Footprint=CN-SMD-0805
Change Component Footprint: Designator=C1 Old Footprint=JP7-D1T New Footprint=CP1/2
Change Component Comment : Designator=R15 Old Comment=1k New Comment=9K
Change Component Comment : Designator=C4 Old Comment=104 New Comment=JP7
Change Component Comment : Designator=C3 Old Comment=470uf New Comment=104
Change Component Comment : Designator=C1 Old Comment=JP7 New Comment=470uf
Added Component: Designator=FERITE1(RES-SMD-0805)
Add component (AddParameter): Name = "Class"; Value = "Passive"; VariantName = "[No Variations]"
Add component (AddParameter): Name = "Manufacturer"; Value = "Generic Components"; VariantName = "[No Variations]"
Add component (AddParameter): Name = "Published"; Value = "08/06/2000"; VariantName = "[No Variations]"
Add component (AddParameter): Name = "Publisher"; Value = "Altium Hobart Technology Centre"; VariantName = "[No Variations]"
Add component (AddParameter): Name = "SubClass"; Value = "R"; VariantName = "[No Variations]"
Added Component: Designator=OPAMP5(DIP8)
Added Component: Designator=R16(RES-SMD-0805)
Add component (AddParameter): Name = "Class"; Value = "Passive"; VariantName = "[No Variations]"
Add component (AddParameter): Name = "Manufacturer"; Value = "Generic Components"; VariantName = "[No Variations]"
Add component (AddParameter): Name = "Published"; Value = "08/06/2000"; VariantName = "[No Variations]"
Add component (AddParameter): Name = "Publisher"; Value = "Altium Hobart Technology Centre"; VariantName = "[No Variations]"
Add component (AddParameter): Name = "SubClass"; Value = "R"; VariantName = "[No Variations]"
Added Component: Designator=R17(RES-SMD-0805)
Add component (AddParameter): Name = "Class"; Value = "Passive"; VariantName = "[No Variations]"
Add component (AddParameter): Name = "Manufacturer"; Value = "Generic Components"; VariantName = "[No Variations]"
Add component (AddParameter): Name = "Published"; Value = "08/06/2000"; VariantName = "[No Variations]"
Add component (AddParameter): Name = "Publisher"; Value = "Altium Hobart Technology Centre"; VariantName = "[No Variations]"
Add component (AddParameter): Name = "SubClass"; Value = "R"; VariantName = "[No Variations]"
Added Component: Designator=R18(RES-SMD-0805)
Add component (AddParameter): Name = "Class"; Value = "Passive"; VariantName = "[No Variations]"
Add component (AddParameter): Name = "Manufacturer"; Value = "Generic Components"; VariantName = "[No Variations]"
Add component (AddParameter): Name = "Published"; Value = "08/06/2000"; VariantName = "[No Variations]"
Add component (AddParameter): Name = "Publisher"; Value = "Altium Hobart Technology Centre"; VariantName = "[No Variations]"
Add component (AddParameter): Name = "SubClass"; Value = "R"; VariantName = "[No Variations]"
Added Component: Designator=R19(RES-SMD-0805)
Add component (AddParameter): Name = "Class"; Value = "Passive"; VariantName = "[No Variations]"
Add component (AddParameter): Name = "Manufacturer"; Value = "Generic Components"; VariantName = "[No Variations]"
Add component (AddParameter): Name = "Published"; Value = "08/06/2000"; VariantName = "[No Variations]"
Add component (AddParameter): Name = "Publisher"; Value = "Altium Hobart Technology Centre"; VariantName = "[No Variations]"
Add component (AddParameter): Name = "SubClass"; Value = "R"; VariantName = "[No Variations]"
Added Component: Designator=R21(RES-SMD-0805)
Add component (AddParameter): Name = "Class"; Value = "Passive"; VariantName = "[No Variations]"
Add component (AddParameter): Name = "Manufacturer"; Value = "Generic Components"; VariantName = "[No Variations]"
Add component (AddParameter): Name = "Published"; Value = "08/06/2000"; VariantName = "[No Variations]"
Add component (AddParameter): Name = "Publisher"; Value = "Altium Hobart Technology Centre"; VariantName = "[No Variations]"
Add component (AddParameter): Name = "SubClass"; Value = "R"; VariantName = "[No Variations]"
Added Component: Designator=R22(RES-SMD-0805)
Add component (AddParameter): Name = "Class"; Value = "Passive"; VariantName = "[No Variations]"
Add component (AddParameter): Name = "Manufacturer"; Value = "Generic Components"; VariantName = "[No Variations]"
Add component (AddParameter): Name = "Published"; Value = "08/06/2000"; VariantName = "[No Variations]"
Add component (AddParameter): Name = "Publisher"; Value = "Altium Hobart Technology Centre"; VariantName = "[No Variations]"
Add component (AddParameter): Name = "SubClass"; Value = "R"; VariantName = "[No Variations]"
Added Component: Designator=R23(RES-SMD-0805)
Add component (AddParameter): Name = "Class"; Value = "Passive"; VariantName = "[No Variations]"
Add component (AddParameter): Name = "Manufacturer"; Value = "Generic Components"; VariantName = "[No Variations]"
Add component (AddParameter): Name = "Published"; Value = "08/06/2000"; VariantName = "[No Variations]"
Add component (AddParameter): Name = "Publisher"; Value = "Altium Hobart Technology Centre"; VariantName = "[No Variations]"
Add component (AddParameter): Name = "SubClass"; Value = "R"; VariantName = "[No Variations]"
Added Component: Designator=R24(RES-SMD-0805)
Add component (AddParameter): Name = "Class"; Value = "Passive"; VariantName = "[No Variations]"
Add component (AddParameter): Name = "Manufacturer"; Value = "Generic Components"; VariantName = "[No Variations]"
Add component (AddParameter): Name = "Published"; Value = "08/06/2000"; VariantName = "[No Variations]"
Add component (AddParameter): Name = "Publisher"; Value = "Altium Hobart Technology Centre"; VariantName = "[No Variations]"
Add component (AddParameter): Name = "SubClass"; Value = "R"; VariantName = "[No Variations]"
Added Component: Designator=R25(RES-SMD-0805)
Add component (AddParameter): Name = "Class"; Value = "Passive"; VariantName = "[No Variations]"
Add component (AddParameter): Name = "Manufacturer"; Value = "Generic Components"; VariantName = "[No Variations]"
Add component (AddParameter): Name = "Published"; Value = "08/06/2000"; VariantName = "[No Variations]"
Add component (AddParameter): Name = "Publisher"; Value = "Altium Hobart Technology Centre"; VariantName = "[No Variations]"
Add component (AddParameter): Name = "SubClass"; Value = "R"; VariantName = "[No Variations]"
Added Component: Designator=R26(RES-SMD-0805)
Add component (AddParameter): Name = "Class"; Value = "Passive"; VariantName = "[No Variations]"
Add component (AddParameter): Name = "Manufacturer"; Value = "Generic Components"; VariantName = "[No Variations]"
Add component (AddParameter): Name = "Published"; Value = "08/06/2000"; VariantName = "[No Variations]"
Add component (AddParameter): Name = "Publisher"; Value = "Altium Hobart Technology Centre"; VariantName = "[No Variations]"
Add component (AddParameter): Name = "SubClass"; Value = "R"; VariantName = "[No Variations]"
Added Component: Designator=VR1(VR1)
Add component (AddParameter): Name = "Value"; Value = "VR 10K"; VariantName = "[No Variations]"
Added Pin To Net: NetName=GND Pin=C1-2
Added Pin To Net: NetName=GND Pin=C3-2
Added Pin To Net: NetName=5V Pin=C4-1
Added Pin To Net: NetName=GND Pin=C4-2
Added Pin To Net: NetName=2 Pin=C4-4
Added Pin To Net: NetName=3 Pin=C4-5
Added Pin To Net: NetName=4 Pin=C4-6
Added Pin To Net: NetName=5 Pin=C4-7
Added Pin To Net: NetName=GND Pin=FERITE1-1
Added Pin To Net: NetName=GND Pin=OPAMP1-4
Added Pin To Net: NetName=5V Pin=OPAMP1-7
Added Pin To Net: NetName=GND Pin=OPAMP2-4
Added Pin To Net: NetName=5V Pin=OPAMP2-7
Added Pin To Net: NetName=GND Pin=OPAMP3-4
Added Pin To Net: NetName=5V Pin=OPAMP3-7
Added Pin To Net: NetName=GND Pin=OPAMP4-4
Added Pin To Net: NetName=5V Pin=OPAMP4-7
Added Pin To Net: NetName=GND Pin=OPAMP5-4
Added Pin To Net: NetName=5V Pin=OPAMP5-7
Added Pin To Net: NetName=5V Pin=R12-1
Added Pin To Net: NetName=5V Pin=R13-1
Added Pin To Net: NetName=2 Pin=R13-2
Added Pin To Net: NetName=GND Pin=R14-2
Added Pin To Net: NetName=5V Pin=R16-1
Added Pin To Net: NetName=4 Pin=R16-2
Added Pin To Net: NetName=5V Pin=R17-1
Added Pin To Net: NetName=3 Pin=R17-2
Added Pin To Net: NetName=GND Pin=R18-2
Added Pin To Net: NetName=5V Pin=R21-1
Added Pin To Net: NetName=5 Pin=R21-2
Added Pin To Net: NetName=GND Pin=R22-2
Added Pin To Net: NetName=GND Pin=R24-2
Added Pin To Net: NetName=GND Pin=R26-2
Added Pin To Net: NetName=GND Pin=U1-4
Added Pin To Net: NetName=2 Pin=U1-7
Added Pin To Net: NetName=5V Pin=U1-8
Added Pin To Net: NetName=4 Pin=U2-1
Added Pin To Net: NetName=GND Pin=U2-4
Added Pin To Net: NetName=3 Pin=U2-7
Added Pin To Net: NetName=5V Pin=U2-8
Added Pin To Net: NetName=5 Pin=U3-1
Added Pin To Net: NetName=GND Pin=U3-4
Added Pin To Net: NetName=5V Pin=U3-8
Added Pin To Net: NetName=5V Pin=VR1-1
Added Pin To Net: NetName=GND Pin=VR1-3
Added Pin To Net: NetName=1 Pin=C4-3
Added Pin To Net: NetName=1 Pin=R12-2
Added Pin To Net: NetName=1 Pin=U1-1
Added Net: Name=1
Added Pin To Net: NetName=AGND Pin=FERITE1-2
Added Pin To Net: NetName=AGND Pin=header1-2
Added Pin To Net: NetName=AGND Pin=header2-2
Added Pin To Net: NetName=AGND Pin=header3-2
Added Pin To Net: NetName=AGND Pin=header4-2
Added Pin To Net: NetName=AGND Pin=header5-2
Added Net: Name=AGND
Added Pin To Net: NetName=Netheader1_1 Pin=header1-1
Added Pin To Net: NetName=Netheader1_1 Pin=OPAMP1-3
Added Net: Name=Netheader1_1
Added Pin To Net: NetName=Netheader2_1 Pin=header2-1
Added Pin To Net: NetName=Netheader2_1 Pin=OPAMP2-3
Added Net: Name=Netheader2_1
Added Pin To Net: NetName=Netheader3_1 Pin=header3-1
Added Pin To Net: NetName=Netheader3_1 Pin=OPAMP3-3
Added Net: Name=Netheader3_1
Added Pin To Net: NetName=Netheader4_1 Pin=header4-1
Added Pin To Net: NetName=Netheader4_1 Pin=OPAMP4-3
Added Net: Name=Netheader4_1
Added Pin To Net: NetName=Netheader5_1 Pin=header5-1
Added Pin To Net: NetName=Netheader5_1 Pin=OPAMP5-3
Added Net: Name=Netheader5_1
Added Pin To Net: NetName=NetOPAMP1_2 Pin=OPAMP1-2
Added Pin To Net: NetName=NetOPAMP1_2 Pin=R11-2
Added Pin To Net: NetName=NetOPAMP1_2 Pin=R14-1
Added Net: Name=NetOPAMP1_2
Added Pin To Net: NetName=NetOPAMP2_2 Pin=OPAMP2-2
Added Pin To Net: NetName=NetOPAMP2_2 Pin=R15-2
Added Pin To Net: NetName=NetOPAMP2_2 Pin=R18-1
Added Net: Name=NetOPAMP2_2
Added Pin To Net: NetName=NetOPAMP3_2 Pin=OPAMP3-2
Added Pin To Net: NetName=NetOPAMP3_2 Pin=R19-2
Added Pin To Net: NetName=NetOPAMP3_2 Pin=R22-1
Added Net: Name=NetOPAMP3_2
Added Pin To Net: NetName=NetOPAMP4_2 Pin=OPAMP4-2
Added Pin To Net: NetName=NetOPAMP4_2 Pin=R23-2
Added Pin To Net: NetName=NetOPAMP4_2 Pin=R24-1
Added Net: Name=NetOPAMP4_2
Added Pin To Net: NetName=NetOPAMP5_2 Pin=OPAMP5-2
Added Pin To Net: NetName=NetOPAMP5_2 Pin=R25-2
Added Pin To Net: NetName=NetOPAMP5_2 Pin=R26-1
Added Net: Name=NetOPAMP5_2
Added Pin To Net: NetName=SHUNT 1 Pin=OPAMP1-6
Added Pin To Net: NetName=SHUNT 1 Pin=R11-1
Added Pin To Net: NetName=SHUNT 1 Pin=U1-5
Added Net: Name=SHUNT 1
Added Pin To Net: NetName=SHUNT 2 Pin=OPAMP2-6
Added Pin To Net: NetName=SHUNT 2 Pin=R15-1
Added Pin To Net: NetName=SHUNT 2 Pin=U1-3
Added Net: Name=SHUNT 2
Added Pin To Net: NetName=SHUNT 3 Pin=OPAMP3-6
Added Pin To Net: NetName=SHUNT 3 Pin=R19-1
Added Pin To Net: NetName=SHUNT 3 Pin=U2-5
Added Net: Name=SHUNT 3
Added Pin To Net: NetName=SHUNT 4 Pin=OPAMP4-6
Added Pin To Net: NetName=SHUNT 4 Pin=R23-1
Added Pin To Net: NetName=SHUNT 4 Pin=U2-3
Added Net: Name=SHUNT 4
Added Pin To Net: NetName=SHUNT 5 Pin=OPAMP5-6
Added Pin To Net: NetName=SHUNT 5 Pin=R25-1
Added Pin To Net: NetName=SHUNT 5 Pin=U3-3
Added Net: Name=SHUNT 5
Added Pin To Net: NetName=U SO SANH Pin=C1-1
Added Pin To Net: NetName=U SO SANH Pin=C3-1
Added Pin To Net: NetName=U SO SANH Pin=U1-2
Added Pin To Net: NetName=U SO SANH Pin=U1-6
Added Pin To Net: NetName=U SO SANH Pin=U2-2
Added Pin To Net: NetName=U SO SANH Pin=U2-6
Added Pin To Net: NetName=U SO SANH Pin=U3-2
Added Pin To Net: NetName=U SO SANH Pin=VR1-2
Added Net: Name=U SO SANH
Added Member To Class: ClassName=20211026_mach do qua dong Member=Component FERITE1 10UH
Added Member To Class: ClassName=20211026_mach do qua dong Member=Component OPAMP5 LM741
Added Member To Class: ClassName=20211026_mach do qua dong Member=Component R16 1k
Added Member To Class: ClassName=20211026_mach do qua dong Member=Component R17 1k
Added Member To Class: ClassName=20211026_mach do qua dong Member=Component R18 1k
Added Member To Class: ClassName=20211026_mach do qua dong Member=Component R19 9K
Added Member To Class: ClassName=20211026_mach do qua dong Member=Component R21 1k
Added Member To Class: ClassName=20211026_mach do qua dong Member=Component R22 1k
Added Member To Class: ClassName=20211026_mach do qua dong Member=Component R23 9K
Added Member To Class: ClassName=20211026_mach do qua dong Member=Component R24 1k
Added Member To Class: ClassName=20211026_mach do qua dong Member=Component R25 9K
Added Member To Class: ClassName=20211026_mach do qua dong Member=Component R26 1k
Added Member To Class: ClassName=20211026_mach do qua dong Member=Component VR1 10K
