Change Component Designator: Old Designator=C? New Designator=C1
Change Component Designator: Old Designator=C? New Designator=C3
Change Component Designator: Old Designator=C? New Designator=C4
Change Component Designator: Old Designator=FERITE? New Designator=FERITE1
Change Component Designator: Old Designator=header? New Designator=header1
Change Component Designator: Old Designator=header? New Designator=header2
Change Component Designator: Old Designator=header? New Designator=header3
Change Component Designator: Old Designator=header? New Designator=header4
Change Component Designator: Old Designator=header? New Designator=header5
Change Component Designator: Old Designator=OPAMP? New Designator=OPAMP1
Change Component Designator: Old Designator=OPAMP? New Designator=OPAMP2
Change Component Designator: Old Designator=OPAMP? New Designator=OPAMP3
Change Component Designator: Old Designator=OPAMP? New Designator=OPAMP4
Change Component Designator: Old Designator=OPAMP? New Designator=OPAMP5
Change Component Designator: Old Designator=R? New Designator=R11
Change Component Designator: Old Designator=R? New Designator=R12
Change Component Designator: Old Designator=R? New Designator=R13
Change Component Designator: Old Designator=R? New Designator=R14
Change Component Designator: Old Designator=R? New Designator=R15
Change Component Designator: Old Designator=R? New Designator=R16
Change Component Designator: Old Designator=R? New Designator=R17
Change Component Designator: Old Designator=R? New Designator=R18
Change Component Designator: Old Designator=R? New Designator=R19
Change Component Designator: Old Designator=R? New Designator=R21
Change Component Designator: Old Designator=R? New Designator=R22
Change Component Designator: Old Designator=R? New Designator=R23
Change Component Designator: Old Designator=R? New Designator=R24
Change Component Designator: Old Designator=R? New Designator=R25
Change Component Designator: Old Designator=R? New Designator=R26
Change Component Designator: Old Designator=U? New Designator=U1
Change Component Designator: Old Designator=U? New Designator=U2
Change Component Designator: Old Designator=U? New Designator=U3
Change Component Designator: Old Designator=VR? New Designator=VR1
