Removed Pin From Net: NetName=IO17 Pin=5-2
Change Component Designator: OldDesignator=*1 NewDesignator=ESP32
Change Component Designator: OldDesignator=C2 NewDesignator=JP NGAN MACH
Added Component: Designator=JP QUA DONG(JP7-D1C)
Add component (AddParameter): Name = "ComponentLink1 Description"; Value = "Manufacturer"; VariantName = "[No Variations]"
Add component (AddParameter): Name = "ComponentLink1URL"; Value = "http://www.we-online.com"; VariantName = "[No Variations]"
Add component (AddParameter): Name = "ComponentLink2 Description"; Value = "Datasheet"; VariantName = "[No Variations]"
Add component (AddParameter): Name = "ComponentLink2URL"; Value = "http://katalog.we-online.de/em/datasheet/6130xx143121.pdf"; VariantName = "[No Variations]"
Add component (AddParameter): Name = "Created by"; Value = "Karrer Zheng"; VariantName = "[No Variations]"
Add component (AddParameter): Name = "Created Date"; Value = "29 March 2013"; VariantName = "[No Variations]"
Add component (AddParameter): Name = "Manufacturer"; Value = "W¨¹rth Elektronik eiSos GmbH"; VariantName = "[No Variations]"
Add component (AddParameter): Name = "NoPins"; Value = "07"; VariantName = "[No Variations]"
Add component (AddParameter): Name = "partNo"; Value = "613007143121"; VariantName = "[No Variations]"
Added Pin To Net: NetName=IO17 Pin=1-2
Added Pin To Net: NetName=3V3 Pin=C3-1
Added Pin To Net: NetName=GND Pin=C3-2
Added Pin To Net: NetName=GND Pin=ESP32-1
Added Pin To Net: NetName=3V3 Pin=ESP32-2
Added Pin To Net: NetName=EN Pin=ESP32-3
Added Pin To Net: NetName=GND Pin=ESP32-15
Added Pin To Net: NetName=IO0 Pin=ESP32-25
Added Pin To Net: NetName=IO17 Pin=ESP32-28
Added Pin To Net: NetName=RX Pin=ESP32-34
Added Pin To Net: NetName=TX Pin=ESP32-35
Added Pin To Net: NetName=GND Pin=ESP32-38
Added Pin To Net: NetName=GND Pin=ESP32-39_1
Added Pin To Net: NetName=GND Pin=ESP32-39_2
Added Pin To Net: NetName=GND Pin=ESP32-39_3
Added Pin To Net: NetName=GND Pin=ESP32-39_4
Added Pin To Net: NetName=GND Pin=ESP32-39_5
Added Pin To Net: NetName=GND Pin=ESP32-39_6
Added Pin To Net: NetName=GND Pin=ESP32-39_7
Added Pin To Net: NetName=GND Pin=ESP32-39_8
Added Pin To Net: NetName=GND Pin=ESP32-39_9
Added Pin To Net: NetName=GND Pin=ESP32-39_10
Added Pin To Net: NetName=GND Pin=ESP32-39_11
Added Pin To Net: NetName=GND Pin=ESP32-39_12
Added Pin To Net: NetName=GND Pin=ESP32-39_13
Added Pin To Net: NetName=GND Pin=ESP32-39_14
Added Pin To Net: NetName=GND Pin=ESP32-39_15
Added Pin To Net: NetName=GND Pin=ESP32-39_16
Added Pin To Net: NetName=GND Pin=ESP32-39_17
Added Pin To Net: NetName=GND Pin=ESP32-39_18
Added Pin To Net: NetName=GND Pin=ESP32-39_19
Added Pin To Net: NetName=GND Pin=ESP32-39_20
Added Pin To Net: NetName=GND Pin=ESP32-39_21
Added Pin To Net: NetName=5V Pin=JP NGAN MACH-1
Added Pin To Net: NetName=GND Pin=JP NGAN MACH-2
Added Pin To Net: NetName=5V Pin=JP QUA DONG-1
Added Pin To Net: NetName=GND Pin=JP QUA DONG-2
Added Pin To Net: NetName=IO2 Pin=5-2
Added Pin To Net: NetName=IO2 Pin=ESP32-24
Added Net: Name=IO2
Added Pin To Net: NetName=IO4 Pin=DS1-2
Added Pin To Net: NetName=IO4 Pin=ESP32-26
Added Pin To Net: NetName=IO4 Pin=R13-1
Added Net: Name=IO4
Added Pin To Net: NetName=IO12 Pin=7-2
Added Pin To Net: NetName=IO12 Pin=ESP32-14
Added Net: Name=IO12
Added Pin To Net: NetName=IO13 Pin=6-2
Added Pin To Net: NetName=IO13 Pin=ESP32-16
Added Net: Name=IO13
Added Pin To Net: NetName=IO14 Pin=3-2
Added Pin To Net: NetName=IO14 Pin=ESP32-13
Added Net: Name=IO14
Added Pin To Net: NetName=IO15 Pin=C3-3
Added Pin To Net: NetName=IO15 Pin=ESP32-23
Added Net: Name=IO15
Added Pin To Net: NetName=IO16 Pin=2-2
Added Pin To Net: NetName=IO16 Pin=ESP32-27
Added Net: Name=IO16
Added Pin To Net: NetName=IO18 Pin=ESP32-30
Added Pin To Net: NetName=IO18 Pin=JP QUA DONG-3
Added Net: Name=IO18
Added Pin To Net: NetName=IO19 Pin=ESP32-31
Added Pin To Net: NetName=IO19 Pin=JP QUA DONG-4
Added Net: Name=IO19
Added Pin To Net: NetName=IO21 Pin=ESP32-33
Added Pin To Net: NetName=IO21 Pin=JP QUA DONG-5
Added Net: Name=IO21
Added Pin To Net: NetName=IO22 Pin=ESP32-36
Added Pin To Net: NetName=IO22 Pin=JP QUA DONG-6
Added Net: Name=IO22
Added Pin To Net: NetName=IO23 Pin=ESP32-37
Added Pin To Net: NetName=IO23 Pin=JP QUA DONG-7
Added Net: Name=IO23
Added Pin To Net: NetName=IO25 Pin=ESP32-10
Added Pin To Net: NetName=IO25 Pin=JP NGAN MACH-7
Added Net: Name=IO25
Added Pin To Net: NetName=IO26 Pin=ESP32-11
Added Pin To Net: NetName=IO26 Pin=JP NGAN MACH-6
Added Net: Name=IO26
Added Pin To Net: NetName=IO27 Pin=ESP32-12
Added Pin To Net: NetName=IO27 Pin=JP NGAN MACH-5
Added Net: Name=IO27
Added Pin To Net: NetName=IO32 Pin=ESP32-8
Added Pin To Net: NetName=IO32 Pin=JP NGAN MACH-4
Added Net: Name=IO32
Added Pin To Net: NetName=IO33 Pin=ESP32-9
Added Pin To Net: NetName=IO33 Pin=JP NGAN MACH-3
Added Net: Name=IO33
Added Member To Class: ClassName=20211119_mach dong cat Member=Component JP QUA DONG JP7
