Removed Pin From Net: NetName=5V Pin=JP QUA DONG-1
Removed Pin From Net: NetName=GND Pin=JP QUA DONG-2
Removed Pin From Net: NetName=IO18 Pin=JP QUA DONG-3
Removed Pin From Net: NetName=IO19 Pin=JP QUA DONG-4
Removed Pin From Net: NetName=IO21 Pin=JP QUA DONG-5
Removed Pin From Net: NetName=IO22 Pin=JP QUA DONG-6
Removed Pin From Net: NetName=IO23 Pin=JP QUA DONG-7
Removed Member From Class: ClassName=20211119_mach dong cat Member=JP QUA DONG
Added Component: Designator=8(RES-SMD-0805)
Add component (AddParameter): Name = "Class"; Value = "Passive"; VariantName = "[No Variations]"
Add component (AddParameter): Name = "Manufacturer"; Value = "Generic Components"; VariantName = "[No Variations]"
Add component (AddParameter): Name = "Published"; Value = "08/06/2000"; VariantName = "[No Variations]"
Add component (AddParameter): Name = "Publisher"; Value = "Altium Hobart Technology Centre"; VariantName = "[No Variations]"
Add component (AddParameter): Name = "SubClass"; Value = "R"; VariantName = "[No Variations]"
Added Component: Designator=9(RES-SMD-0805)
Add component (AddParameter): Name = "Class"; Value = "Passive"; VariantName = "[No Variations]"
Add component (AddParameter): Name = "Manufacturer"; Value = "Generic Components"; VariantName = "[No Variations]"
Add component (AddParameter): Name = "Published"; Value = "08/06/2000"; VariantName = "[No Variations]"
Add component (AddParameter): Name = "Publisher"; Value = "Altium Hobart Technology Centre"; VariantName = "[No Variations]"
Add component (AddParameter): Name = "SubClass"; Value = "R"; VariantName = "[No Variations]"
Added Component: Designator=10(RES-SMD-0805)
Add component (AddParameter): Name = "Class"; Value = "Passive"; VariantName = "[No Variations]"
Add component (AddParameter): Name = "Manufacturer"; Value = "Generic Components"; VariantName = "[No Variations]"
Add component (AddParameter): Name = "Published"; Value = "08/06/2000"; VariantName = "[No Variations]"
Add component (AddParameter): Name = "Publisher"; Value = "Altium Hobart Technology Centre"; VariantName = "[No Variations]"
Add component (AddParameter): Name = "SubClass"; Value = "R"; VariantName = "[No Variations]"
Added Component: Designator=11(RES-SMD-0805)
Add component (AddParameter): Name = "Class"; Value = "Passive"; VariantName = "[No Variations]"
Add component (AddParameter): Name = "Manufacturer"; Value = "Generic Components"; VariantName = "[No Variations]"
Add component (AddParameter): Name = "Published"; Value = "08/06/2000"; VariantName = "[No Variations]"
Add component (AddParameter): Name = "Publisher"; Value = "Altium Hobart Technology Centre"; VariantName = "[No Variations]"
Add component (AddParameter): Name = "SubClass"; Value = "R"; VariantName = "[No Variations]"
Added Component: Designator=12(RES-SMD-0805)
Add component (AddParameter): Name = "Class"; Value = "Passive"; VariantName = "[No Variations]"
Add component (AddParameter): Name = "Manufacturer"; Value = "Generic Components"; VariantName = "[No Variations]"
Add component (AddParameter): Name = "Published"; Value = "08/06/2000"; VariantName = "[No Variations]"
Add component (AddParameter): Name = "Publisher"; Value = "Altium Hobart Technology Centre"; VariantName = "[No Variations]"
Add component (AddParameter): Name = "SubClass"; Value = "R"; VariantName = "[No Variations]"
Added Component: Designator=LED 1(LED-0805-Red)
Add component (AddParameter): Name = "Value"; Value = "LED 3 - 5 ly 2 Colour"; VariantName = "[No Variations]"
Added Component: Designator=LED Relay2(LED-0805-Red)
Add component (AddParameter): Name = "Value"; Value = "LED 3 - 5 ly 2 Colour"; VariantName = "[No Variations]"
Added Component: Designator=LED Relay3(LED-0805-Red)
Add component (AddParameter): Name = "Value"; Value = "LED 3 - 5 ly 2 Colour"; VariantName = "[No Variations]"
Added Component: Designator=LED Relay4(LED-0805-Red)
Add component (AddParameter): Name = "Value"; Value = "LED 3 - 5 ly 2 Colour"; VariantName = "[No Variations]"
Added Component: Designator=LED Relay5(LED-0805-Red)
Add component (AddParameter): Name = "Value"; Value = "LED 3 - 5 ly 2 Colour"; VariantName = "[No Variations]"
Added Component: Designator=Qua dong(JP9-D1C)
Add component (AddParameter): Name = "ComponentLink1 Description"; Value = "Manufacturer"; VariantName = "[No Variations]"
Add component (AddParameter): Name = "ComponentLink1URL"; Value = "http://www.we-online.com"; VariantName = "[No Variations]"
Add component (AddParameter): Name = "ComponentLink2 Description"; Value = "Datasheet"; VariantName = "[No Variations]"
Add component (AddParameter): Name = "ComponentLink2URL"; Value = "http://katalog.we-online.de/em/datasheet/6130xx143121.pdf"; VariantName = "[No Variations]"
Add component (AddParameter): Name = "Created by"; Value = "Karrer Zheng"; VariantName = "[No Variations]"
Add component (AddParameter): Name = "Created Date"; Value = "29 March 2013"; VariantName = "[No Variations]"
Add component (AddParameter): Name = "Manufacturer"; Value = "W¨¹rth Elektronik eiSos GmbH"; VariantName = "[No Variations]"
Add component (AddParameter): Name = "NoPins"; Value = "09"; VariantName = "[No Variations]"
Add component (AddParameter): Name = "partNo"; Value = "613009143121"; VariantName = "[No Variations]"
Added Pin To Net: NetName=5V Pin=8-2
Added Pin To Net: NetName=5V Pin=9-2
Added Pin To Net: NetName=5V Pin=10-2
Added Pin To Net: NetName=5V Pin=11-2
Added Pin To Net: NetName=5V Pin=12-2
Added Pin To Net: NetName=NetD1_1 Pin=LED 1-2
Added Pin To Net: NetName=NetD2_1 Pin=LED Relay2-2
Added Pin To Net: NetName=NetD5_1 Pin=LED Relay3-2
Added Pin To Net: NetName=NetD4_1 Pin=LED Relay4-2
Added Pin To Net: NetName=NetD3_1 Pin=LED Relay5-2
Added Pin To Net: NetName=5V Pin=Qua dong-1
Added Pin To Net: NetName=GND Pin=Qua dong-2
Added Pin To Net: NetName=IO18 Pin=Qua dong-3
Added Pin To Net: NetName=IO19 Pin=Qua dong-4
Added Pin To Net: NetName=IO21 Pin=Qua dong-5
Added Pin To Net: NetName=IO22 Pin=Qua dong-6
Added Pin To Net: NetName=IO23 Pin=Qua dong-7
Added Pin To Net: NetName=RX Pin=Qua dong-8
Added Pin To Net: NetName=TX Pin=Qua dong-9
Change Net Name : Old Net Name=NetD1_1 New Net Name=D1
Change Net Name : Old Net Name=NetD2_1 New Net Name=D2
Change Net Name : Old Net Name=NetD3_1 New Net Name=D3
Change Net Name : Old Net Name=NetD4_1 New Net Name=D4
Change Net Name : Old Net Name=NetD5_1 New Net Name=D5
Added Pin To Net: NetName=Net8_1 Pin=8-1
Added Pin To Net: NetName=Net8_1 Pin=LED 1-1
Added Net: Name=Net8_1
Added Pin To Net: NetName=Net9_1 Pin=9-1
Added Pin To Net: NetName=Net9_1 Pin=LED Relay2-1
Added Net: Name=Net9_1
Added Pin To Net: NetName=Net10_1 Pin=10-1
Added Pin To Net: NetName=Net10_1 Pin=LED Relay3-1
Added Net: Name=Net10_1
Added Pin To Net: NetName=Net11_1 Pin=11-1
Added Pin To Net: NetName=Net11_1 Pin=LED Relay4-1
Added Net: Name=Net11_1
Added Pin To Net: NetName=Net12_1 Pin=12-1
Added Pin To Net: NetName=Net12_1 Pin=LED Relay5-1
Added Net: Name=Net12_1
Added Member To Class: ClassName=20211119_mach dong cat Member=Component 8 470
Added Member To Class: ClassName=20211119_mach dong cat Member=Component 9 470
Added Member To Class: ClassName=20211119_mach dong cat Member=Component 10 470
Added Member To Class: ClassName=20211119_mach dong cat Member=Component 11 470
Added Member To Class: ClassName=20211119_mach dong cat Member=Component 12 470
Added Member To Class: ClassName=20211119_mach dong cat Member=Component LED 1 LED
Added Member To Class: ClassName=20211119_mach dong cat Member=Component LED Relay2 LED
Added Member To Class: ClassName=20211119_mach dong cat Member=Component LED Relay3 LED
Added Member To Class: ClassName=20211119_mach dong cat Member=Component LED Relay4 LED
Added Member To Class: ClassName=20211119_mach dong cat Member=Component LED Relay5 LED
Added Member To Class: ClassName=20211119_mach dong cat Member=Component Qua dong JP9
