Removed Pin From Net: NetName=AGND Pin=Shunt 1-1
Removed Pin From Net: NetName=in shunt1 Pin=Shunt 1-2
Removed Pin From Net: NetName=AGND Pin=Shunt 2-1
Removed Pin From Net: NetName=in shunt2 Pin=Shunt 2-2
Removed Pin From Net: NetName=AGND Pin=Shunt 3-1
Removed Pin From Net: NetName=in shunt3 Pin=Shunt 3-2
Removed Pin From Net: NetName=AGND Pin=Shunt 4-1
Removed Pin From Net: NetName=in shunt4 Pin=Shunt 4-2
Removed Pin From Net: NetName=AGND Pin=Shunt 5-1
Removed Pin From Net: NetName=in shunt5 Pin=Shunt 5-2
Change Component Footprint: Designator=Shunt 1 Old Footprint=Termial 2P 2.54 New Footprint=HED2
Change Component Footprint: Designator=Shunt 2 Old Footprint=Termial 2P 2.54 New Footprint=HED2
Change Component Footprint: Designator=Shunt 3 Old Footprint=Termial 2P 2.54 New Footprint=HED2
Change Component Footprint: Designator=Shunt 4 Old Footprint=Termial 2P 2.54 New Footprint=HED2
Change Component Footprint: Designator=Shunt 5 Old Footprint=Termial 2P 2.54 New Footprint=HED2
Change Component Comment : Designator=Shunt 1 Old Comment=Termial 2.54 2P New Comment=Header 2_1
Change Component Comment : Designator=Shunt 2 Old Comment=Termial 2.54 2P New Comment=Header 2_1
Change Component Comment : Designator=Shunt 3 Old Comment=Termial 2.54 2P New Comment=Header 2_1
Change Component Comment : Designator=Shunt 4 Old Comment=Termial 2.54 2P New Comment=Header 2_1
Change Component Comment : Designator=Shunt 5 Old Comment=Termial 2.54 2P New Comment=Header 2_1
Change component parameters: Designator = "Shunt 1" ("Shunt 1"); Footprint = "Termial 2P 2.54"; UniqueID = "\GTEDCHXZ" ("\GTEDCHXZ")
Change component parameters (AddParameter): Name = "Class"; Value = "Connector"; VariantName = "[No Variations]"
Change component parameters (AddParameter): Name = "Manufacturer"; Value = "Generic Components"; VariantName = "[No Variations]"
Change component parameters (AddParameter): Name = "Value"; Value = "Header 2"; VariantName = "[No Variations]"
Change component parameters: Designator = "Shunt 2" ("Shunt 2"); Footprint = "Termial 2P 2.54"; UniqueID = "\NQEFNNRE" ("\NQEFNNRE")
Change component parameters (AddParameter): Name = "Class"; Value = "Connector"; VariantName = "[No Variations]"
Change component parameters (AddParameter): Name = "Manufacturer"; Value = "Generic Components"; VariantName = "[No Variations]"
Change component parameters (AddParameter): Name = "Value"; Value = "Header 2"; VariantName = "[No Variations]"
Change component parameters: Designator = "Shunt 3" ("Shunt 3"); Footprint = "Termial 2P 2.54"; UniqueID = "\VLGEJDZO" ("\VLGEJDZO")
Change component parameters (AddParameter): Name = "Class"; Value = "Connector"; VariantName = "[No Variations]"
Change component parameters (AddParameter): Name = "Manufacturer"; Value = "Generic Components"; VariantName = "[No Variations]"
Change component parameters (AddParameter): Name = "Value"; Value = "Header 2"; VariantName = "[No Variations]"
Change component parameters: Designator = "Shunt 4" ("Shunt 4"); Footprint = "Termial 2P 2.54"; UniqueID = "\YLTCRZEB" ("\YLTCRZEB")
Change component parameters (AddParameter): Name = "Class"; Value = "Connector"; VariantName = "[No Variations]"
Change component parameters (AddParameter): Name = "Manufacturer"; Value = "Generic Components"; VariantName = "[No Variations]"
Change component parameters (AddParameter): Name = "Value"; Value = "Header 2"; VariantName = "[No Variations]"
Change component parameters: Designator = "Shunt 5" ("Shunt 5"); Footprint = "Termial 2P 2.54"; UniqueID = "\TWSYWGKJ" ("\TWSYWGKJ")
Change component parameters (AddParameter): Name = "Class"; Value = "Connector"; VariantName = "[No Variations]"
Change component parameters (AddParameter): Name = "Manufacturer"; Value = "Generic Components"; VariantName = "[No Variations]"
Change component parameters (AddParameter): Name = "Value"; Value = "Header 2"; VariantName = "[No Variations]"
Added Pin To Net: NetName=in shunt1 Pin=Shunt 1-1
Added Pin To Net: NetName=AGND Pin=Shunt 1-2
Added Pin To Net: NetName=in shunt2 Pin=Shunt 2-1
Added Pin To Net: NetName=AGND Pin=Shunt 2-2
Added Pin To Net: NetName=in shunt3 Pin=Shunt 3-1
Added Pin To Net: NetName=AGND Pin=Shunt 3-2
Added Pin To Net: NetName=in shunt4 Pin=Shunt 4-1
Added Pin To Net: NetName=AGND Pin=Shunt 4-2
Added Pin To Net: NetName=in shunt5 Pin=Shunt 5-1
Added Pin To Net: NetName=AGND Pin=Shunt 5-2
Added Member To Class: ClassName=20211129_mach tren NCKH Member=Component R6 10R
